mode: atomic
cronParser/field_parsers/weekday_field_parser.go:22.87,24.60 1 7
cronParser/field_parsers/weekday_field_parser.go:27.2,27.63 1 7
cronParser/field_parsers/weekday_field_parser.go:24.60,26.3 1 49
cronParser/field_parsers/weekday_field_parser.go:30.61,32.2 1 7
cronParser/output_formatter/output_formatter.go:17.72,20.55 2 5
cronParser/output_formatter/output_formatter.go:37.2,41.24 4 5
cronParser/output_formatter/output_formatter.go:20.55,26.32 4 25
cronParser/output_formatter/output_formatter.go:32.3,34.32 2 25
cronParser/output_formatter/output_formatter.go:26.32,27.43 1 25
cronParser/output_formatter/output_formatter.go:27.43,29.5 1 104
cronParser/types/parser_output_types.go:8.92,10.2 1 5
cronParser/types/parser_output_types.go:12.50,14.2 1 5
cronParser/types/parser_output_types.go:16.56,18.2 1 5
cronParser/types/parser_output_types.go:25.70,27.2 1 35
cronParser/types/parser_output_types.go:29.41,31.2 1 50
cronParser/types/parser_output_types.go:33.43,35.2 1 25
cronParser/field_parsers/special_char_handlers/increment_char_handler.go:12.121,18.29 4 12
cronParser/field_parsers/special_char_handlers/increment_char_handler.go:22.2,23.96 2 12
cronParser/field_parsers/special_char_handlers/increment_char_handler.go:26.2,27.16 2 12
cronParser/field_parsers/special_char_handlers/increment_char_handler.go:31.2,31.101 1 11
cronParser/field_parsers/special_char_handlers/increment_char_handler.go:35.2,35.71 1 9
cronParser/field_parsers/special_char_handlers/increment_char_handler.go:38.2,38.69 1 9
cronParser/field_parsers/special_char_handlers/increment_char_handler.go:18.29,20.3 1 0
cronParser/field_parsers/special_char_handlers/increment_char_handler.go:23.96,25.3 1 0
cronParser/field_parsers/special_char_handlers/increment_char_handler.go:27.16,29.3 1 1
cronParser/field_parsers/special_char_handlers/increment_char_handler.go:31.101,33.3 1 2
cronParser/field_parsers/special_char_handlers/increment_char_handler.go:35.71,37.3 1 34
cronParser/field_parsers/special_char_handlers/range_char_handler.go:13.116,16.27 3 8
cronParser/field_parsers/special_char_handlers/range_char_handler.go:19.2,20.16 2 8
cronParser/field_parsers/special_char_handlers/range_char_handler.go:24.2,25.16 2 8
cronParser/field_parsers/special_char_handlers/range_char_handler.go:29.2,29.76 1 8
cronParser/field_parsers/special_char_handlers/range_char_handler.go:33.2,33.72 1 8
cronParser/field_parsers/special_char_handlers/range_char_handler.go:37.2,37.28 1 7
cronParser/field_parsers/special_char_handlers/range_char_handler.go:40.2,40.42 1 6
cronParser/field_parsers/special_char_handlers/range_char_handler.go:43.2,43.69 1 6
cronParser/field_parsers/special_char_handlers/range_char_handler.go:16.27,18.3 1 0
cronParser/field_parsers/special_char_handlers/range_char_handler.go:20.16,22.3 1 0
cronParser/field_parsers/special_char_handlers/range_char_handler.go:25.16,27.3 1 0
cronParser/field_parsers/special_char_handlers/range_char_handler.go:29.76,31.3 1 0
cronParser/field_parsers/special_char_handlers/range_char_handler.go:33.72,35.3 1 1
cronParser/field_parsers/special_char_handlers/range_char_handler.go:37.28,39.3 1 1
cronParser/field_parsers/special_char_handlers/range_char_handler.go:40.42,42.3 1 27
cronParser/field_parsers/hour_field_parser.go:11.84,14.2 1 9
cronParser/field_parsers/hour_field_parser.go:16.58,18.2 1 9
cronParser/field_parsers/minute_field_parser.go:11.86,13.2 1 12
cronParser/field_parsers/minute_field_parser.go:15.60,17.2 1 12
cronParser/field_parsers/month_field_parser.go:27.85,29.59 1 7
cronParser/field_parsers/month_field_parser.go:33.2,33.63 1 7
cronParser/field_parsers/month_field_parser.go:29.59,31.3 1 84
cronParser/field_parsers/month_field_parser.go:36.59,38.2 1 7
cronParser/expression_parser/cron_expression_parser.go:21.72,26.22 2 15
cronParser/expression_parser/cron_expression_parser.go:30.2,32.44 2 12
cronParser/expression_parser/cron_expression_parser.go:50.2,50.76 1 5
cronParser/expression_parser/cron_expression_parser.go:26.22,28.3 1 3
cronParser/expression_parser/cron_expression_parser.go:32.44,34.34 2 47
cronParser/expression_parser/cron_expression_parser.go:37.3,37.30 1 42
cronParser/expression_parser/cron_expression_parser.go:41.3,42.17 2 42
cronParser/expression_parser/cron_expression_parser.go:45.3,45.25 1 35
cronParser/expression_parser/cron_expression_parser.go:34.34,35.12 1 5
cronParser/expression_parser/cron_expression_parser.go:37.30,39.4 1 0
cronParser/expression_parser/cron_expression_parser.go:42.17,44.4 1 7
cronParser/expression_parser/cron_expression_parser.go:45.25,47.4 1 35
cronParser/field_parsers/special_char_handlers/all_char_handler.go:10.114,11.25 1 7
cronParser/field_parsers/special_char_handlers/all_char_handler.go:15.2,16.62 2 6
cronParser/field_parsers/special_char_handlers/all_char_handler.go:20.2,20.72 1 6
cronParser/field_parsers/special_char_handlers/all_char_handler.go:11.25,13.3 1 1
cronParser/field_parsers/special_char_handlers/all_char_handler.go:16.62,18.3 1 72
cronParser/field_parsers/special_char_handlers/multi_val_char_handler.go:12.119,15.27 3 7
cronParser/field_parsers/special_char_handlers/multi_val_char_handler.go:22.2,22.69 1 7
cronParser/field_parsers/special_char_handlers/multi_val_char_handler.go:15.27,17.83 2 14
cronParser/field_parsers/special_char_handlers/multi_val_char_handler.go:20.3,20.40 1 14
cronParser/field_parsers/special_char_handlers/multi_val_char_handler.go:17.83,19.4 1 0
cronParser/field_parsers/day_of_month_field_parser.go:11.90,13.2 1 7
cronParser/field_parsers/day_of_month_field_parser.go:15.64,17.2 1 7
cronParser/field_parsers/special_char_handlers/any_char_handler.go:10.114,11.25 1 7
cronParser/field_parsers/special_char_handlers/any_char_handler.go:14.2,14.74 1 6
cronParser/field_parsers/special_char_handlers/any_char_handler.go:11.25,13.3 1 1
cronParser/field_parsers/common/special_char_parser.go:19.48,22.43 2 42
cronParser/field_parsers/common/special_char_parser.go:28.2,28.11 1 1
cronParser/field_parsers/common/special_char_parser.go:22.43,23.63 1 118
cronParser/field_parsers/common/special_char_parser.go:23.63,25.4 1 41
cronParser/field_parsers/common/special_char_parser.go:31.95,34.23 2 42
cronParser/field_parsers/common/special_char_parser.go:43.2,43.25 1 1
cronParser/field_parsers/common/special_char_parser.go:47.2,48.16 2 1
cronParser/field_parsers/common/special_char_parser.go:52.2,52.70 1 1
cronParser/field_parsers/common/special_char_parser.go:56.2,56.74 1 1
cronParser/field_parsers/common/special_char_parser.go:34.23,35.65 1 41
cronParser/field_parsers/common/special_char_parser.go:35.65,37.4 1 41
cronParser/field_parsers/common/special_char_parser.go:37.9,39.4 1 0
cronParser/field_parsers/common/special_char_parser.go:43.25,45.3 1 0
cronParser/field_parsers/common/special_char_parser.go:48.16,50.3 1 0
cronParser/field_parsers/common/special_char_parser.go:52.70,54.3 1 0
cronParser/time_unit/cron_field_time_units.go:14.32,16.2 1 1
cronParser/time_unit/cron_field_time_units.go:17.32,19.2 1 1
cronParser/time_unit/cron_field_time_units.go:20.45,22.2 1 9
cronParser/time_unit/cron_field_time_units.go:27.34,29.2 1 65
cronParser/time_unit/cron_field_time_units.go:30.34,32.2 1 34
cronParser/time_unit/cron_field_time_units.go:33.47,35.2 1 11
cronParser/time_unit/cron_field_time_units.go:40.33,42.2 1 80
cronParser/time_unit/cron_field_time_units.go:43.33,45.2 1 8
cronParser/time_unit/cron_field_time_units.go:46.46,48.2 1 7
cronParser/time_unit/cron_field_time_units.go:53.38,55.2 1 14
cronParser/time_unit/cron_field_time_units.go:56.38,58.2 1 14
cronParser/time_unit/cron_field_time_units.go:59.51,61.2 1 7
cronParser/time_unit/cron_field_time_units.go:66.37,68.2 1 14
cronParser/time_unit/cron_field_time_units.go:69.37,71.2 1 14
cronParser/time_unit/cron_field_time_units.go:72.50,74.2 1 6
